<?xml version="1.0" encoding="UTF-8"?>
<testng-results skipped="0" failed="0" ignored="0" total="1" passed="1">
  <reporter-output>
  </reporter-output>
  <suite name="Default suite" duration-ms="7355" started-at="2018-06-10T10:16:28Z" finished-at="2018-06-10T10:16:35Z">
    <groups>
    </groups>
    <test name="Default test" duration-ms="7355" started-at="2018-06-10T10:16:28Z" finished-at="2018-06-10T10:16:35Z">
      <class name="com.selenium.restapi.RestApi">
        <test-method status="PASS" signature="countryNamesTest()[pri:0, instance:com.selenium.restapi.RestApi@39aeed2f]" name="countryNamesTest" duration-ms="7287" started-at="2018-06-10T15:46:28Z" finished-at="2018-06-10T15:46:35Z">
          <reporter-output>
          </reporter-output>
        </test-method> <!-- countryNamesTest -->
      </class> <!-- com.selenium.restapi.RestApi -->
    </test> <!-- Default test -->
  </suite> <!-- Default suite -->
</testng-results>
